<?xml version="1.0" encoding="UTF-8"?>
<testng-results ignored="0" total="2" passed="2" failed="0" skipped="0">
  <reporter-output>
  </reporter-output>
  <suite started-at="2025-04-28T23:36:38 IST" name="Suite" finished-at="2025-04-28T23:36:56 IST" duration-ms="17225">
    <groups>
      <group name="Master">
        <method signature="TC001_AccountRegistrationText.verify_account_registration()[pri:0, instance:testCases.TC001_AccountRegistrationText@598bd2ba]" name="verify_account_registration" class="testCases.TC001_AccountRegistrationText"/>
        <method signature="TC002_LoginTest.verify_login()[pri:0, instance:testCases.TC002_LoginTest@63fbfaeb]" name="verify_login" class="testCases.TC002_LoginTest"/>
      </group> <!-- Master -->
      <group name="Sanity">
        <method signature="TC002_LoginTest.verify_login()[pri:0, instance:testCases.TC002_LoginTest@63fbfaeb]" name="verify_login" class="testCases.TC002_LoginTest"/>
      </group> <!-- Sanity -->
      <group name="Regression">
        <method signature="TC001_AccountRegistrationText.verify_account_registration()[pri:0, instance:testCases.TC001_AccountRegistrationText@598bd2ba]" name="verify_account_registration" class="testCases.TC001_AccountRegistrationText"/>
      </group> <!-- Regression -->
    </groups>
    <test started-at="2025-04-28T23:36:38 IST" name="Test" finished-at="2025-04-28T23:36:56 IST" duration-ms="17225">
      <class name="testCases.TC002_LoginTest">
        <test-method is-config="true" signature="setup(java.lang.String,java.lang.String)[pri:0, instance:testCases.TC002_LoginTest@63fbfaeb]" started-at="2025-04-28T23:36:47 IST" name="setup" finished-at="2025-04-28T23:36:50 IST" duration-ms="3320" status="PASS">
          <params>
            <param index="0">
              <value>
                <![CDATA[Windows]]>
              </value>
            </param>
            <param index="1">
              <value>
                <![CDATA[chrome]]>
              </value>
            </param>
          </params>
          <reporter-output>
          </reporter-output>
        </test-method> <!-- setup -->
        <test-method signature="verify_login()[pri:0, instance:testCases.TC002_LoginTest@63fbfaeb]" started-at="2025-04-28T23:36:50 IST" name="verify_login" finished-at="2025-04-28T23:36:55 IST" duration-ms="4981" status="PASS">
          <reporter-output>
          </reporter-output>
        </test-method> <!-- verify_login -->
        <test-method is-config="true" signature="tearDown()[pri:0, instance:testCases.TC002_LoginTest@63fbfaeb]" started-at="2025-04-28T23:36:55 IST" name="tearDown" finished-at="2025-04-28T23:36:56 IST" duration-ms="363" status="PASS">
          <reporter-output>
          </reporter-output>
        </test-method> <!-- tearDown -->
      </class> <!-- testCases.TC002_LoginTest -->
      <class name="testCases.TC001_AccountRegistrationText">
        <test-method is-config="true" signature="setup(java.lang.String,java.lang.String)[pri:0, instance:testCases.TC001_AccountRegistrationText@598bd2ba]" started-at="2025-04-28T23:36:38 IST" name="setup" finished-at="2025-04-28T23:36:43 IST" duration-ms="4412" status="PASS">
          <params>
            <param index="0">
              <value>
                <![CDATA[Windows]]>
              </value>
            </param>
            <param index="1">
              <value>
                <![CDATA[chrome]]>
              </value>
            </param>
          </params>
          <reporter-output>
          </reporter-output>
        </test-method> <!-- setup -->
        <test-method signature="verify_account_registration()[pri:0, instance:testCases.TC001_AccountRegistrationText@598bd2ba]" started-at="2025-04-28T23:36:43 IST" name="verify_account_registration" finished-at="2025-04-28T23:36:46 IST" duration-ms="3616" status="PASS">
          <reporter-output>
          </reporter-output>
        </test-method> <!-- verify_account_registration -->
        <test-method is-config="true" signature="tearDown()[pri:0, instance:testCases.TC001_AccountRegistrationText@598bd2ba]" started-at="2025-04-28T23:36:46 IST" name="tearDown" finished-at="2025-04-28T23:36:47 IST" duration-ms="443" status="PASS">
          <reporter-output>
          </reporter-output>
        </test-method> <!-- tearDown -->
      </class> <!-- testCases.TC001_AccountRegistrationText -->
    </test> <!-- Test -->
  </suite> <!-- Suite -->
</testng-results>
